2022-12-14 23:08:46 INFO  paraBanking:13 - URL is opened
  2022-12-14 23:08:46 INFO  paraBanking:17 - Entered username
  2022-12-14 23:08:46 INFO  paraBanking:20 - Entered password
  2022-12-14 23:08:47 INFO  paraBanking:27 - Login Test Passed!
  2022-12-14 23:42:58 INFO  paraBanking:13 - URL is opened
  2022-12-14 23:42:59 INFO  paraBanking:17 - Entered username
  2022-12-14 23:42:59 INFO  paraBanking:20 - Entered password
  2022-12-14 23:43:00 INFO  paraBanking:27 - Login Test Passed!
  2022-12-15 23:59:03 INFO  paraBanking:31 - URL is opened
  2022-12-16 01:29:03 INFO  paraBanking:71 - URL is opened
  2022-12-16 01:41:35 INFO  paraBanking:71 - URL is opened
  2022-12-16 01:43:30 INFO  paraBanking:71 - URL is opened
  2022-12-16 01:44:18 INFO  paraBanking:71 - URL is opened
  2022-12-16 01:46:14 INFO  paraBanking:71 - URL is opened
  2022-12-16 01:56:46 INFO  paraBanking:74 - URL is opened
  2022-12-16 01:57:42 INFO  paraBanking:74 - URL is opened
  2022-12-16 02:00:37 INFO  paraBanking:74 - URL is opened
  2022-12-16 02:02:17 INFO  paraBanking:76 - URL is opened
  2022-12-16 02:02:52 INFO  paraBanking:76 - URL is opened
  2022-12-16 02:04:36 INFO  paraBanking:76 - URL is opened
  2022-12-16 02:09:06 INFO  paraBanking:76 - URL is opened
  2022-12-16 02:10:00 INFO  paraBanking:76 - URL is opened
  2022-12-16 02:10:30 INFO  paraBanking:76 - URL is opened
  2022-12-16 02:13:32 INFO  paraBanking:76 - URL is opened
  2022-12-16 02:14:07 INFO  paraBanking:76 - URL is opened
  2022-12-16 02:17:18 INFO  paraBanking:76 - URL is opened
  2022-12-16 02:18:09 INFO  paraBanking:76 - URL is opened
  2022-12-16 02:20:16 INFO  paraBanking:76 - URL is opened
  2022-12-16 02:21:33 INFO  paraBanking:76 - URL is opened
  2022-12-16 23:24:52 INFO  paraBanking:102 - URL is opened
  2022-12-17 00:01:11 INFO  paraBanking:98 - URL is opened
  2022-12-17 00:02:12 INFO  paraBanking:98 - URL is opened
  2022-12-17 00:03:20 INFO  paraBanking:98 - URL is opened
  2022-12-17 00:03:39 INFO  paraBanking:98 - URL is opened
  2022-12-17 00:03:56 INFO  paraBanking:98 - URL is opened
  2022-12-17 00:05:47 INFO  paraBanking:98 - URL is opened
  2022-12-17 00:06:49 INFO  paraBanking:98 - URL is opened
  2022-12-17 00:10:23 INFO  paraBanking:102 - URL is opened
  2022-12-17 00:11:23 INFO  paraBanking:102 - URL is opened
  2022-12-17 00:14:11 INFO  paraBanking:103 - URL is opened
  2022-12-17 00:15:12 INFO  paraBanking:103 - URL is opened
  2022-12-17 00:22:05 INFO  paraBanking:103 - URL is opened
  2022-12-17 00:23:06 INFO  paraBanking:103 - URL is opened
  2022-12-17 00:25:41 INFO  paraBanking:103 - URL is opened
  2022-12-17 00:26:42 INFO  paraBanking:103 - URL is opened
  2022-12-17 00:30:10 INFO  paraBanking:103 - URL is opened
  2022-12-17 00:30:18 INFO  paraBanking:103 - URL is opened
  2022-12-17 00:30:26 INFO  paraBanking:103 - URL is opened
  2022-12-17 00:33:52 INFO  paraBanking:103 - URL is opened
  2022-12-17 00:34:52 INFO  paraBanking:103 - URL is opened
  2022-12-17 00:36:00 INFO  paraBanking:103 - URL is opened
  2022-12-17 00:36:08 INFO  paraBanking:103 - URL is opened
  2022-12-17 00:36:17 INFO  paraBanking:103 - URL is opened
  2022-12-17 00:36:24 INFO  paraBanking:103 - URL is opened
  2022-12-17 00:38:49 INFO  paraBanking:103 - URL is opened
  2022-12-17 00:39:49 INFO  paraBanking:103 - URL is opened
  2022-12-17 00:48:07 INFO  paraBanking:103 - URL is opened
  2022-12-17 00:49:08 INFO  paraBanking:103 - URL is opened
  2022-12-17 00:58:15 INFO  paraBanking:104 - URL is opened
  2022-12-17 00:59:16 INFO  paraBanking:104 - URL is opened
  2022-12-17 01:01:17 INFO  paraBanking:104 - URL is opened
  2022-12-17 01:18:54 INFO  paraBanking:104 - URL is opened
  2022-12-17 01:19:55 INFO  paraBanking:104 - URL is opened
  2022-12-17 01:22:34 INFO  paraBanking:104 - URL is opened
  2022-12-17 01:22:41 INFO  paraBanking:104 - URL is opened
  2022-12-17 01:27:31 INFO  paraBanking:104 - URL is opened
  2022-12-17 01:28:34 INFO  paraBanking:104 - URL is opened
  2022-12-17 01:30:34 INFO  paraBanking:104 - URL is opened
  2022-12-17 01:30:49 INFO  paraBanking:104 - URL is opened
  2022-12-17 01:32:46 INFO  paraBanking:104 - URL is opened
  2022-12-17 01:33:01 INFO  paraBanking:104 - URL is opened
  2022-12-17 01:33:16 INFO  paraBanking:104 - URL is opened
  2022-12-17 01:33:38 INFO  paraBanking:104 - URL is opened
  2022-12-17 01:33:53 INFO  paraBanking:104 - URL is opened
  2022-12-17 01:34:08 INFO  paraBanking:104 - URL is opened
  2022-12-17 01:34:22 INFO  paraBanking:104 - URL is opened
  2022-12-17 01:34:36 INFO  paraBanking:104 - URL is opened
  2022-12-17 01:35:22 INFO  paraBanking:104 - URL is opened
  2022-12-17 01:35:36 INFO  paraBanking:104 - URL is opened
  2022-12-17 01:35:51 INFO  paraBanking:104 - URL is opened
  2022-12-17 01:36:05 INFO  paraBanking:104 - URL is opened
  2022-12-17 01:36:18 INFO  paraBanking:104 - URL is opened
  2022-12-17 01:36:33 INFO  paraBanking:104 - URL is opened
  2022-12-17 01:36:46 INFO  paraBanking:104 - URL is opened
  2022-12-17 01:37:00 INFO  paraBanking:104 - URL is opened
  2022-12-17 01:38:33 INFO  paraBanking:104 - URL is opened
  2022-12-17 01:38:48 INFO  paraBanking:104 - URL is opened
  2022-12-17 01:41:25 INFO  paraBanking:104 - URL is opened
  2022-12-17 01:42:33 INFO  paraBanking:104 - URL is opened
  2022-12-17 01:43:40 INFO  paraBanking:104 - URL is opened
  2022-12-17 01:44:47 INFO  paraBanking:104 - URL is opened
  2022-12-17 01:45:54 INFO  paraBanking:104 - URL is opened
  2022-12-17 01:47:01 INFO  paraBanking:104 - URL is opened
  2022-12-17 01:48:08 INFO  paraBanking:104 - URL is opened
  2022-12-17 01:49:16 INFO  paraBanking:104 - URL is opened
  2022-12-17 01:57:47 INFO  paraBanking:104 - URL is opened
  2022-12-17 01:59:42 INFO  paraBanking:104 - URL is opened
  2022-12-17 02:07:34 INFO  paraBanking:104 - URL is opened
  2022-12-17 02:08:37 INFO  paraBanking:104 - URL is opened
  2022-12-17 02:10:42 INFO  paraBanking:104 - URL is opened
  2022-12-17 02:11:54 INFO  paraBanking:104 - URL is opened
  2022-12-17 02:13:07 INFO  paraBanking:104 - URL is opened
  2022-12-17 02:14:22 INFO  paraBanking:104 - URL is opened
  2022-12-17 02:15:34 INFO  paraBanking:104 - URL is opened
  2022-12-17 02:16:46 INFO  paraBanking:104 - URL is opened
  2022-12-17 02:17:59 INFO  paraBanking:104 - URL is opened
  2022-12-17 02:19:12 INFO  paraBanking:104 - URL is opened
  2022-12-17 02:50:47 INFO  paraBanking:104 - URL is opened
  2022-12-17 02:51:22 INFO  paraBanking:104 - URL is opened
  2022-12-17 02:53:27 INFO  paraBanking:104 - URL is opened
  2022-12-17 02:54:39 INFO  paraBanking:104 - URL is opened
  2022-12-17 02:55:51 INFO  paraBanking:104 - URL is opened
  2022-12-17 02:57:04 INFO  paraBanking:104 - URL is opened
  2022-12-17 10:47:47 INFO  paraBanking:104 - URL is opened
  2022-12-17 10:48:48 INFO  paraBanking:104 - URL is opened
  2022-12-17 10:50:53 INFO  paraBanking:104 - URL is opened
  2022-12-17 10:52:06 INFO  paraBanking:104 - URL is opened
  2022-12-17 10:53:18 INFO  paraBanking:104 - URL is opened
  2022-12-17 10:54:30 INFO  paraBanking:104 - URL is opened
  2022-12-17 10:55:42 INFO  paraBanking:104 - URL is opened
  2022-12-17 10:56:54 INFO  paraBanking:104 - URL is opened
  2022-12-17 10:58:05 INFO  paraBanking:104 - URL is opened
  2022-12-17 10:59:17 INFO  paraBanking:104 - URL is opened
  2022-12-17 11:24:01 INFO  paraBanking:104 - URL is opened
  2022-12-17 11:25:01 INFO  paraBanking:104 - URL is opened
  2022-12-17 11:27:05 INFO  paraBanking:104 - URL is opened
  2022-12-17 11:28:18 INFO  paraBanking:104 - URL is opened
  2022-12-17 11:29:30 INFO  paraBanking:104 - URL is opened
  2022-12-17 11:30:43 INFO  paraBanking:104 - URL is opened
  2022-12-17 11:31:54 INFO  paraBanking:104 - URL is opened
  2022-12-17 11:33:07 INFO  paraBanking:104 - URL is opened
  2022-12-17 11:34:18 INFO  paraBanking:104 - URL is opened
  2022-12-17 11:35:30 INFO  paraBanking:104 - URL is opened
  2022-12-17 12:08:16 INFO  paraBanking:104 - URL is opened
  2022-12-17 12:09:18 INFO  paraBanking:104 - URL is opened
  2022-12-17 12:11:23 INFO  paraBanking:104 - URL is opened
  2022-12-17 12:12:37 INFO  paraBanking:104 - URL is opened
  2022-12-17 12:13:50 INFO  paraBanking:104 - URL is opened
  2022-12-17 12:15:03 INFO  paraBanking:104 - URL is opened
  2022-12-17 12:16:15 INFO  paraBanking:104 - URL is opened
  2022-12-17 12:17:27 INFO  paraBanking:104 - URL is opened
  2022-12-17 12:18:40 INFO  paraBanking:104 - URL is opened
  2022-12-17 12:19:52 INFO  paraBanking:104 - URL is opened
  2022-12-17 12:30:57 INFO  paraBanking:104 - URL is opened
  2022-12-17 12:31:58 INFO  paraBanking:104 - URL is opened
  2022-12-17 12:34:41 INFO  paraBanking:104 - URL is opened
  2022-12-17 12:35:45 INFO  paraBanking:104 - URL is opened
  2022-12-17 12:37:53 INFO  paraBanking:104 - URL is opened
  2022-12-17 12:39:05 INFO  paraBanking:104 - URL is opened
  2022-12-17 12:49:54 INFO  paraBanking:104 - URL is opened
  2022-12-17 12:50:56 INFO  paraBanking:104 - URL is opened
  2022-12-17 12:53:01 INFO  paraBanking:104 - URL is opened
  2022-12-17 12:54:13 INFO  paraBanking:104 - URL is opened
  2022-12-17 12:55:26 INFO  paraBanking:104 - URL is opened
  2022-12-17 12:56:38 INFO  paraBanking:104 - URL is opened
  2022-12-17 12:57:49 INFO  paraBanking:104 - URL is opened
  2022-12-17 12:59:03 INFO  paraBanking:104 - URL is opened
  2022-12-17 13:00:15 INFO  paraBanking:104 - URL is opened
  2022-12-17 13:01:28 INFO  paraBanking:104 - URL is opened
  2022-12-17 14:41:52 INFO  paraBanking:110 - URL is opened
  2022-12-17 14:56:24 INFO  paraBanking:110 - URL is opened
  2022-12-17 14:57:27 INFO  paraBanking:110 - URL is opened
  2022-12-17 17:52:10 INFO  paraBanking:106 - URL is opened
  2022-12-17 17:53:11 INFO  paraBanking:106 - URL is opened
  2022-12-17 18:19:03 INFO  paraBanking:141 - URL is opened
  2022-12-17 18:20:14 INFO  paraBanking:141 - URL is opened
  2022-12-17 18:22:31 INFO  paraBanking:141 - URL is opened
  2022-12-17 18:23:53 INFO  paraBanking:141 - URL is opened
  2022-12-17 18:25:14 INFO  paraBanking:141 - URL is opened
  2022-12-17 18:26:36 INFO  paraBanking:141 - URL is opened
  2022-12-17 18:27:58 INFO  paraBanking:141 - URL is opened
  2022-12-17 18:29:19 INFO  paraBanking:141 - URL is opened
  2022-12-17 18:30:42 INFO  paraBanking:141 - URL is opened
  2022-12-17 18:32:05 INFO  paraBanking:141 - URL is opened
  2022-12-17 18:39:30 INFO  paraBanking:142 - URL is opened
  2022-12-17 18:43:11 INFO  paraBanking:142 - URL is opened
  2022-12-17 18:46:24 INFO  paraBanking:142 - URL is opened
  2022-12-17 18:49:35 INFO  paraBanking:142 - URL is opened
  2022-12-17 18:52:50 INFO  paraBanking:142 - URL is opened
  2022-12-17 18:55:43 INFO  paraBanking:142 - URL is opened
  2022-12-17 18:58:19 INFO  paraBanking:142 - URL is opened
  2022-12-17 19:00:11 INFO  paraBanking:142 - URL is opened
  2022-12-17 19:03:02 INFO  paraBanking:142 - URL is opened
  2022-12-17 19:28:02 INFO  paraBanking:142 - URL is opened
  2022-12-17 19:30:41 INFO  paraBanking:142 - URL is opened
  2022-12-17 19:37:05 INFO  paraBanking:141 - URL is opened
  2022-12-17 19:40:25 INFO  paraBanking:141 - URL is opened
  2022-12-17 19:43:07 INFO  paraBanking:141 - URL is opened
  2022-12-17 19:51:02 INFO  paraBanking:141 - URL is opened
  2022-12-17 20:12:45 INFO  paraBanking:139 - URL is opened
  2022-12-17 20:25:47 INFO  paraBanking:139 - URL is opened
  2022-12-17 20:27:20 INFO  paraBanking:139 - URL is opened
  2022-12-17 20:29:42 INFO  paraBanking:139 - URL is opened
  2022-12-17 20:31:22 INFO  paraBanking:139 - URL is opened
  2022-12-17 20:32:57 INFO  paraBanking:139 - URL is opened
  2022-12-17 20:34:32 INFO  paraBanking:139 - URL is opened
  2022-12-17 20:36:09 INFO  paraBanking:139 - URL is opened
  2022-12-17 20:37:41 INFO  paraBanking:139 - URL is opened
  2022-12-17 20:39:15 INFO  paraBanking:139 - URL is opened
  2022-12-17 20:40:47 INFO  paraBanking:139 - URL is opened
  2022-12-17 20:45:15 INFO  paraBanking:139 - URL is opened
  2022-12-17 20:46:32 INFO  paraBanking:139 - URL is opened
  2022-12-17 20:48:59 INFO  paraBanking:139 - URL is opened
  2022-12-17 20:50:33 INFO  paraBanking:139 - URL is opened
  2022-12-17 20:52:05 INFO  paraBanking:139 - URL is opened
  2022-12-17 20:53:39 INFO  paraBanking:139 - URL is opened
  2022-12-17 20:55:11 INFO  paraBanking:139 - URL is opened
  2022-12-17 20:56:45 INFO  paraBanking:139 - URL is opened
  2022-12-17 20:58:16 INFO  paraBanking:139 - URL is opened
  2022-12-17 20:59:50 INFO  paraBanking:139 - URL is opened
  2022-12-17 22:41:09 INFO  paraBanking:139 - URL is opened
  2022-12-17 22:42:42 INFO  paraBanking:139 - URL is opened
  2022-12-17 22:45:20 INFO  paraBanking:139 - URL is opened
  2022-12-17 22:46:55 INFO  paraBanking:139 - URL is opened
  2022-12-17 22:49:26 INFO  paraBanking:139 - URL is opened
  2022-12-17 22:50:59 INFO  paraBanking:139 - URL is opened
  2022-12-17 23:37:47 INFO  paraBanking:139 - URL is opened
  2022-12-17 23:39:16 INFO  paraBanking:139 - URL is opened
  2022-12-17 23:41:44 INFO  paraBanking:139 - URL is opened
  2022-12-17 23:42:39 INFO  paraBanking:139 - URL is opened
  2022-12-17 23:44:48 INFO  paraBanking:139 - URL is opened
  2022-12-17 23:49:22 INFO  paraBanking:139 - URL is opened
  2022-12-17 23:50:29 INFO  paraBanking:139 - URL is opened
  2022-12-17 23:53:21 INFO  paraBanking:139 - URL is opened
  2022-12-18 00:07:20 INFO  paraBanking:139 - URL is opened
  2022-12-18 00:08:52 INFO  paraBanking:139 - URL is opened
  2022-12-18 00:11:09 INFO  paraBanking:139 - URL is opened
  2022-12-18 00:18:33 INFO  paraBanking:139 - URL is opened
  2022-12-18 00:20:56 INFO  paraBanking:139 - URL is opened
  2022-12-18 00:34:43 INFO  paraBanking:103 - URL is opened
  2022-12-18 00:34:56 INFO  paraBanking:139 - URL is opened
  2022-12-18 00:36:37 INFO  paraBanking:103 - URL is opened
  2022-12-18 00:36:46 INFO  paraBanking:139 - URL is opened
  2022-12-18 00:48:38 INFO  paraBanking:103 - URL is opened
  2022-12-18 00:49:39 INFO  paraBanking:103 - URL is opened
  2022-12-18 00:51:44 INFO  paraBanking:103 - URL is opened
  2022-12-18 00:52:57 INFO  paraBanking:103 - URL is opened
  2022-12-18 00:54:10 INFO  paraBanking:103 - URL is opened
  2022-12-18 00:55:23 INFO  paraBanking:103 - URL is opened
  2022-12-18 00:56:35 INFO  paraBanking:103 - URL is opened
  2022-12-18 00:57:47 INFO  paraBanking:103 - URL is opened
  2022-12-18 00:58:58 INFO  paraBanking:103 - URL is opened
  2022-12-18 01:00:12 INFO  paraBanking:103 - URL is opened
  2022-12-18 14:42:27 INFO  paraBanking:103 - URL is opened
  2022-12-18 14:43:27 INFO  paraBanking:103 - URL is opened
  2022-12-18 14:44:31 INFO  paraBanking:103 - URL is opened
  2022-12-18 14:45:32 INFO  paraBanking:103 - URL is opened
  2022-12-18 14:47:37 INFO  paraBanking:103 - URL is opened
  2022-12-18 14:48:48 INFO  paraBanking:103 - URL is opened
  2022-12-18 14:50:01 INFO  paraBanking:103 - URL is opened
  2022-12-18 14:51:14 INFO  paraBanking:103 - URL is opened
  2022-12-18 14:52:28 INFO  paraBanking:103 - URL is opened
  2022-12-18 14:53:42 INFO  paraBanking:103 - URL is opened
  2022-12-18 14:54:55 INFO  paraBanking:103 - URL is opened
  2022-12-18 14:56:09 INFO  paraBanking:103 - URL is opened
  2022-12-18 14:57:26 INFO  paraBanking:103 - URL is opened
  2022-12-18 15:01:37 INFO  paraBanking:107 - URL is opened
  2022-12-18 15:03:59 INFO  paraBanking:107 - URL is opened
  2022-12-18 15:11:52 INFO  paraBanking:109 - URL is opened
  2022-12-18 15:14:47 INFO  paraBanking:109 - URL is opened
  2022-12-18 15:15:48 INFO  paraBanking:109 - URL is opened
  2022-12-18 15:17:53 INFO  paraBanking:109 - URL is opened
  2022-12-18 15:19:07 INFO  paraBanking:109 - URL is opened
  2022-12-18 15:20:19 INFO  paraBanking:109 - URL is opened
  2022-12-18 15:21:32 INFO  paraBanking:109 - URL is opened
  2022-12-18 15:22:49 INFO  paraBanking:109 - URL is opened
  2022-12-18 15:24:04 INFO  paraBanking:109 - URL is opened
  2022-12-18 15:25:17 INFO  paraBanking:109 - URL is opened
  2022-12-18 15:26:30 INFO  paraBanking:109 - URL is opened
  2022-12-18 15:27:42 INFO  paraBanking:109 - URL is opened
  